build/app/outputs/logs/manifest-merger-debug-report.txt
-- Merging decision tree log ---
manifest
ADDED from src/main/AndroidManifest.xml:1:1-33:12
INJECTED from src/main/AndroidManifest.xml:1:1-33:12
INJECTED from src/main/AndroidManifest.xml:1:1-33:12
INJECTED from src/main/AndroidManifest.xml:1:1-33:12
MERGED from src/main/AndroidManifest.xml:1:1-33:12
MERGED from [:shared_preferences] AndroidManifest.xml:2:1-7:12
MERGED from [:url_launcher] AndroidManifest.xml:2:1-14:12
MERGED from [:tobias] AndroidManifest.xml:2:1-13:12
MERGED from [alipaySdk-15.6.4-20190611174359-noUtdid.aar] AndroidManifest.xml:2:1-59:12
MERGED from [:image_picker] AndroidManifest.xml:2:1-23:12
MERGED from [:city_pickers] AndroidManifest.xml:2:1-7:12
MERGED from [:webview_flutter] AndroidManifest.xml:2:1-9:12
MERGED from [:flustars] AndroidManifest.xml:2:1-7:12
MERGED from [com.android.support:support-v4:27.1.1] AndroidManifest.xml:17:1-22:12
MERGED from [com.android.support:support-media-compat:27.1.1] AndroidManifest.xml:17:1-22:12
MERGED from [com.android.support:support-fragment:27.1.1] AndroidManifest.xml:17:1-22:12
MERGED from [com.android.support:support-core-ui:27.1.1] AndroidManifest.xml:17:1-22:12
MERGED from [com.android.support:support-core-utils:27.1.1] AndroidManifest.xml:17:1-22:12
MERGED from [com.android.support:support-compat:27.1.1] AndroidManifest.xml:17:1-22:12
MERGED from [android.arch.lifecycle:runtime:1.1.0] AndroidManifest.xml:17:1-22:12
MERGED from [android.arch.lifecycle:livedata-core:1.1.0] AndroidManifest.xml:17:1-22:12
MERGED from [android.arch.lifecycle:viewmodel:1.1.0] AndroidManifest.xml:17:1-22:12
MERGED from [android.arch.core:runtime:1.1.0] AndroidManifest.xml:17:1-22:12
INJECTED from src/debug/AndroidManifest.xml:1:1-7:12
INJECTED from src/debug/AndroidManifest.xml:1:1-7:12
INJECTED from src/debug/AndroidManifest.xml:1:1-7:12
	package
		ADDED from src/main/AndroidManifest.xml:2:5-48
		INJECTED from src/main/AndroidManifest.xml
		INJECTED from src/debug/AndroidManifest.xml
	android:versionName
		INJECTED from src/main/AndroidManifest.xml
		ADDED from src/main/AndroidManifest.xml:1:1-33:12
		INJECTED from src/debug/AndroidManifest.xml
	android:versionCode
		INJECTED from src/main/AndroidManifest.xml
		ADDED from src/main/AndroidManifest.xml:1:1-33:12
		INJECTED from src/debug/AndroidManifest.xml
	xmlns:android
		ADDED from src/main/AndroidManifest.xml:1:11-69
application
ADDED from src/main/AndroidManifest.xml:9:5-32:19
MERGED from [:url_launcher] AndroidManifest.xml:7:5-12:19
MERGED from [:url_launcher] AndroidManifest.xml:7:5-12:19
MERGED from [alipaySdk-15.6.4-20190611174359-noUtdid.aar] AndroidManifest.xml:24:5-57:19
MERGED from [alipaySdk-15.6.4-20190611174359-noUtdid.aar] AndroidManifest.xml:24:5-57:19
MERGED from [:image_picker] AndroidManifest.xml:11:5-21:19
MERGED from [:image_picker] AndroidManifest.xml:11:5-21:19
	android:label
		ADDED from src/main/AndroidManifest.xml:11:9-46
	android:icon
		ADDED from src/main/AndroidManifest.xml:12:9-43
	android:name
		ADDED from src/main/AndroidManifest.xml:10:9-57
activity#com.example.flutter_taozugong_app.MainActivity
ADDED from src/main/AndroidManifest.xml:13:9-31:20
	android:launchMode
		ADDED from src/main/AndroidManifest.xml:15:13-43
	android:hardwareAccelerated
		ADDED from src/main/AndroidManifest.xml:18:13-47
	android:windowSoftInputMode
		ADDED from src/main/AndroidManifest.xml:19:13-55
	android:configChanges
		ADDED from src/main/AndroidManifest.xml:17:13-144
	android:theme
		ADDED from src/main/AndroidManifest.xml:16:13-47
	android:name
		ADDED from src/main/AndroidManifest.xml:14:13-41
meta-data#io.flutter.app.android.SplashScreenUntilFirstFrame
ADDED from src/main/AndroidManifest.xml:24:13-26:40
	android:value
		ADDED from src/main/AndroidManifest.xml:26:17-37
	android:name
		ADDED from src/main/AndroidManifest.xml:25:17-82
intent-filter#action:name:android.intent.action.MAIN+category:name:android.intent.category.LAUNCHER
ADDED from src/main/AndroidManifest.xml:27:13-30:29
action#android.intent.action.MAIN
ADDED from src/main/AndroidManifest.xml:28:17-68
	android:name
		ADDED from src/main/AndroidManifest.xml:28:25-66
category#android.intent.category.LAUNCHER
ADDED from src/main/AndroidManifest.xml:29:17-76
	android:name
		ADDED from src/main/AndroidManifest.xml:29:27-74
uses-sdk
INJECTED from src/main/AndroidManifest.xml reason: use-sdk injection requested
INJECTED from src/main/AndroidManifest.xml
INJECTED from src/main/AndroidManifest.xml
MERGED from [:shared_preferences] AndroidManifest.xml:5:5-44
MERGED from [:shared_preferences] AndroidManifest.xml:5:5-44
MERGED from [:url_launcher] AndroidManifest.xml:5:5-44
MERGED from [:url_launcher] AndroidManifest.xml:5:5-44
MERGED from [:tobias] AndroidManifest.xml:5:5-44
MERGED from [:tobias] AndroidManifest.xml:5:5-44
MERGED from [alipaySdk-15.6.4-20190611174359-noUtdid.aar] AndroidManifest.xml:7:5-9:41
MERGED from [alipaySdk-15.6.4-20190611174359-noUtdid.aar] AndroidManifest.xml:7:5-9:41
MERGED from [:image_picker] AndroidManifest.xml:5:5-44
MERGED from [:image_picker] AndroidManifest.xml:5:5-44
MERGED from [:city_pickers] AndroidManifest.xml:5:5-44
MERGED from [:city_pickers] AndroidManifest.xml:5:5-44
MERGED from [:webview_flutter] AndroidManifest.xml:5:5-7:41
MERGED from [:webview_flutter] AndroidManifest.xml:5:5-7:41
MERGED from [:flustars] AndroidManifest.xml:5:5-44
MERGED from [:flustars] AndroidManifest.xml:5:5-44
MERGED from [com.android.support:support-v4:27.1.1] AndroidManifest.xml:20:5-44
MERGED from [com.android.support:support-v4:27.1.1] AndroidManifest.xml:20:5-44
MERGED from [com.android.support:support-media-compat:27.1.1] AndroidManifest.xml:20:5-44
MERGED from [com.android.support:support-media-compat:27.1.1] AndroidManifest.xml:20:5-44
MERGED from [com.android.support:support-fragment:27.1.1] AndroidManifest.xml:20:5-44
MERGED from [com.android.support:support-fragment:27.1.1] AndroidManifest.xml:20:5-44
MERGED from [com.android.support:support-core-ui:27.1.1] AndroidManifest.xml:20:5-44
MERGED from [com.android.support:support-core-ui:27.1.1] AndroidManifest.xml:20:5-44
MERGED from [com.android.support:support-core-utils:27.1.1] AndroidManifest.xml:20:5-44
MERGED from [com.android.support:support-core-utils:27.1.1] AndroidManifest.xml:20:5-44
MERGED from [com.android.support:support-compat:27.1.1] AndroidManifest.xml:20:5-44
MERGED from [com.android.support:support-compat:27.1.1] AndroidManifest.xml:20:5-44
MERGED from [android.arch.lifecycle:runtime:1.1.0] AndroidManifest.xml:20:5-44
MERGED from [android.arch.lifecycle:runtime:1.1.0] AndroidManifest.xml:20:5-44
MERGED from [android.arch.lifecycle:livedata-core:1.1.0] AndroidManifest.xml:20:5-44
MERGED from [android.arch.lifecycle:livedata-core:1.1.0] AndroidManifest.xml:20:5-44
MERGED from [android.arch.lifecycle:viewmodel:1.1.0] AndroidManifest.xml:20:5-44
MERGED from [android.arch.lifecycle:viewmodel:1.1.0] AndroidManifest.xml:20:5-44
MERGED from [android.arch.core:runtime:1.1.0] AndroidManifest.xml:20:5-44
MERGED from [android.arch.core:runtime:1.1.0] AndroidManifest.xml:20:5-44
INJECTED from src/debug/AndroidManifest.xml
INJECTED from src/debug/AndroidManifest.xml
	android:targetSdkVersion
		INJECTED from src/main/AndroidManifest.xml
		INJECTED from src/debug/AndroidManifest.xml
	android:minSdkVersion
		INJECTED from src/main/AndroidManifest.xml
		INJECTED from src/debug/AndroidManifest.xml
uses-permission#android.permission.INTERNET
ADDED from src/debug/AndroidManifest.xml:6:5-66
MERGED from [:tobias] AndroidManifest.xml:7:5-67
MERGED from [:tobias] AndroidManifest.xml:7:5-67
MERGED from [alipaySdk-15.6.4-20190611174359-noUtdid.aar] AndroidManifest.xml:18:5-67
MERGED from [alipaySdk-15.6.4-20190611174359-noUtdid.aar] AndroidManifest.xml:18:5-67
	android:name
		ADDED from src/debug/AndroidManifest.xml:6:22-64
activity#io.flutter.plugins.urllauncher.UrlLauncherPlugin$WebViewActivity
ADDED from [:url_launcher] AndroidManifest.xml:8:9-11:74
	android:exported
		ADDED from [:url_launcher] AndroidManifest.xml:10:13-37
	android:theme
		ADDED from [:url_launcher] AndroidManifest.xml:11:13-71
	android:name
		ADDED from [:url_launcher] AndroidManifest.xml:9:13-92
uses-permission#android.permission.ACCESS_NETWORK_STATE
ADDED from [:tobias] AndroidManifest.xml:8:5-79
MERGED from [alipaySdk-15.6.4-20190611174359-noUtdid.aar] AndroidManifest.xml:19:5-79
MERGED from [alipaySdk-15.6.4-20190611174359-noUtdid.aar] AndroidManifest.xml:19:5-79
	android:name
		ADDED from [:tobias] AndroidManifest.xml:8:22-76
uses-permission#android.permission.ACCESS_WIFI_STATE
ADDED from [:tobias] AndroidManifest.xml:9:5-76
MERGED from [alipaySdk-15.6.4-20190611174359-noUtdid.aar] AndroidManifest.xml:20:5-76
MERGED from [alipaySdk-15.6.4-20190611174359-noUtdid.aar] AndroidManifest.xml:20:5-76
	android:name
		ADDED from [:tobias] AndroidManifest.xml:9:22-73
uses-permission#android.permission.READ_PHONE_STATE
ADDED from [:tobias] AndroidManifest.xml:10:5-75
MERGED from [alipaySdk-15.6.4-20190611174359-noUtdid.aar] AndroidManifest.xml:21:5-75
MERGED from [alipaySdk-15.6.4-20190611174359-noUtdid.aar] AndroidManifest.xml:21:5-75
	android:name
		ADDED from [:tobias] AndroidManifest.xml:10:22-72
uses-permission#android.permission.WRITE_EXTERNAL_STORAGE
ADDED from [:tobias] AndroidManifest.xml:11:5-81
MERGED from [alipaySdk-15.6.4-20190611174359-noUtdid.aar] AndroidManifest.xml:22:5-81
MERGED from [alipaySdk-15.6.4-20190611174359-noUtdid.aar] AndroidManifest.xml:22:5-81
MERGED from [:image_picker] AndroidManifest.xml:8:5-81
MERGED from [:image_picker] AndroidManifest.xml:8:5-81
	android:name
		ADDED from [:tobias] AndroidManifest.xml:11:22-78
uses-permission#android.permission.READ_EXTERNAL_STORAGE
IMPLIED from src/debug/AndroidManifest.xml:1:1-7:12 reason: com.jarvan.tobias requested WRITE_EXTERNAL_STORAGE
MERGED from [:image_picker] AndroidManifest.xml:7:5-80
MERGED from [:image_picker] AndroidManifest.xml:7:5-80
supports-screens
ADDED from [alipaySdk-15.6.4-20190611174359-noUtdid.aar] AndroidManifest.xml:11:5-16:39
	android:largeScreens
		ADDED from [alipaySdk-15.6.4-20190611174359-noUtdid.aar] AndroidManifest.xml:13:9-36
	android:smallScreens
		ADDED from [alipaySdk-15.6.4-20190611174359-noUtdid.aar] AndroidManifest.xml:16:9-36
	android:normalScreens
		ADDED from [alipaySdk-15.6.4-20190611174359-noUtdid.aar] AndroidManifest.xml:14:9-37
	android:resizeable
		ADDED from [alipaySdk-15.6.4-20190611174359-noUtdid.aar] AndroidManifest.xml:15:9-34
	android:anyDensity
		ADDED from [alipaySdk-15.6.4-20190611174359-noUtdid.aar] AndroidManifest.xml:12:9-34
uses-library#org.apache.http.legacy
ADDED from [alipaySdk-15.6.4-20190611174359-noUtdid.aar] AndroidManifest.xml:25:9-27:40
	android:required
		ADDED from [alipaySdk-15.6.4-20190611174359-noUtdid.aar] AndroidManifest.xml:27:13-37
	android:name
		ADDED from [alipaySdk-15.6.4-20190611174359-noUtdid.aar] AndroidManifest.xml:26:13-50
activity#com.alipay.sdk.app.H5PayActivity
ADDED from [alipaySdk-15.6.4-20190611174359-noUtdid.aar] AndroidManifest.xml:29:9-34:20
	android:screenOrientation
		ADDED from [alipaySdk-15.6.4-20190611174359-noUtdid.aar] AndroidManifest.xml:33:13-47
	android:exported
		ADDED from [alipaySdk-15.6.4-20190611174359-noUtdid.aar] AndroidManifest.xml:32:13-37
	android:configChanges
		ADDED from [alipaySdk-15.6.4-20190611174359-noUtdid.aar] AndroidManifest.xml:31:13-74
	android:name
		ADDED from [alipaySdk-15.6.4-20190611174359-noUtdid.aar] AndroidManifest.xml:30:13-60
activity#com.alipay.sdk.app.H5AuthActivity
ADDED from [alipaySdk-15.6.4-20190611174359-noUtdid.aar] AndroidManifest.xml:35:9-40:20
	android:screenOrientation
		ADDED from [alipaySdk-15.6.4-20190611174359-noUtdid.aar] AndroidManifest.xml:39:13-47
	android:exported
		ADDED from [alipaySdk-15.6.4-20190611174359-noUtdid.aar] AndroidManifest.xml:38:13-37
	android:configChanges
		ADDED from [alipaySdk-15.6.4-20190611174359-noUtdid.aar] AndroidManifest.xml:37:13-74
	android:name
		ADDED from [alipaySdk-15.6.4-20190611174359-noUtdid.aar] AndroidManifest.xml:36:13-61
activity#com.alipay.sdk.app.PayResultActivity
ADDED from [alipaySdk-15.6.4-20190611174359-noUtdid.aar] AndroidManifest.xml:41:9-50:20
	android:launchMode
		ADDED from [alipaySdk-15.6.4-20190611174359-noUtdid.aar] AndroidManifest.xml:45:13-48
	android:exported
		ADDED from [alipaySdk-15.6.4-20190611174359-noUtdid.aar] AndroidManifest.xml:44:13-36
	android:configChanges
		ADDED from [alipaySdk-15.6.4-20190611174359-noUtdid.aar] AndroidManifest.xml:43:13-74
	android:theme
		ADDED from [alipaySdk-15.6.4-20190611174359-noUtdid.aar] AndroidManifest.xml:46:13-72
	android:name
		ADDED from [alipaySdk-15.6.4-20190611174359-noUtdid.aar] AndroidManifest.xml:42:13-64
intent-filter#category:name:android.intent.category.DEFAULT
ADDED from [alipaySdk-15.6.4-20190611174359-noUtdid.aar] AndroidManifest.xml:47:13-49:29
category#android.intent.category.DEFAULT
ADDED from [alipaySdk-15.6.4-20190611174359-noUtdid.aar] AndroidManifest.xml:48:17-76
	android:name
		ADDED from [alipaySdk-15.6.4-20190611174359-noUtdid.aar] AndroidManifest.xml:48:27-73
activity#com.alipay.sdk.app.AlipayResultActivity
ADDED from [alipaySdk-15.6.4-20190611174359-noUtdid.aar] AndroidManifest.xml:51:9-56:20
	android:launchMode
		ADDED from [alipaySdk-15.6.4-20190611174359-noUtdid.aar] AndroidManifest.xml:54:13-44
	android:exported
		ADDED from [alipaySdk-15.6.4-20190611174359-noUtdid.aar] AndroidManifest.xml:53:13-36
	android:theme
		ADDED from [alipaySdk-15.6.4-20190611174359-noUtdid.aar] AndroidManifest.xml:55:13-72
	android:name
		ADDED from [alipaySdk-15.6.4-20190611174359-noUtdid.aar] AndroidManifest.xml:52:13-67
uses-permission#android.permission.CAMERA
ADDED from [:image_picker] AndroidManifest.xml:9:5-65
	android:name
		ADDED from [:image_picker] AndroidManifest.xml:9:22-62
provider#io.flutter.plugins.imagepicker.ImagePickerFileProvider
ADDED from [:image_picker] AndroidManifest.xml:12:9-20:20
	android:grantUriPermissions
		ADDED from [:image_picker] AndroidManifest.xml:16:13-47
	android:authorities
		ADDED from [:image_picker] AndroidManifest.xml:14:13-74
	android:exported
		ADDED from [:image_picker] AndroidManifest.xml:15:13-37
	android:name
		ADDED from [:image_picker] AndroidManifest.xml:13:13-82
meta-data#android.support.FILE_PROVIDER_PATHS
ADDED from [:image_picker] AndroidManifest.xml:17:13-19:75
	android:resource
		ADDED from [:image_picker] AndroidManifest.xml:19:17-72
	android:name
		ADDED from [:image_picker] AndroidManifest.xml:18:17-67